<?xml version="1.0" encoding="UTF-8"?>
<!-- Generated by org.testng.reporters.JUnitReportReporter -->
<testsuite hostname="DESKTOP-Q2RM1HI" failures="0" tests="4" name="nopCommerceTestCases.AddCustomer" time="29.985" errors="0" timestamp="2021-12-28T13:20:01 IST" skipped="0">
  <testcase classname="nopCommerceTestCases.AddCustomer" name="verifyTitle" time="0.164"/>
  <system-out/>
  <testcase classname="nopCommerceTestCases.AddCustomer" name="loginApp" time="4.076"/>
  <system-out/>
  <testcase classname="nopCommerceTestCases.AddCustomer" name="addCustomer" time="21.459"/>
  <system-out/>
  <testcase classname="nopCommerceTestCases.AddCustomer" name="logout" time="4.286"/>
  <system-out/>
</testsuite> <!-- nopCommerceTestCases.AddCustomer -->
