<?xml version="1.0" encoding="UTF-8"?>
<!-- Generated by org.testng.reporters.JUnitReportReporter -->
<testsuite hostname="DESKTOP-Q2RM1HI" failures="0" tests="4" name="nopCommerceTestCases.NopCommerceLogin" time="26.603" errors="0" timestamp="2021-12-28T13:17:03 IST" skipped="0">
  <testcase classname="nopCommerceTestCases.NopCommerceLogin" name="verifyTitle" time="0.195"/>
  <system-out/>
  <testcase classname="nopCommerceTestCases.NopCommerceLogin" name="loginApp" time="4.907"/>
  <system-out/>
  <testcase classname="nopCommerceTestCases.NopCommerceLogin" name="addCustomer" time="17.661"/>
  <system-out/>
  <testcase classname="nopCommerceTestCases.NopCommerceLogin" name="logout" time="3.840"/>
  <system-out/>
</testsuite> <!-- nopCommerceTestCases.NopCommerceLogin -->
