<?xml version="1.0" encoding="UTF-8"?>
<!-- Generated by org.testng.reporters.JUnitReportReporter -->
<testsuite hostname="DESKTOP-Q2RM1HI" failures="0" tests="3" name="nopCommerceTestCases.TestNGLoginTest" time="32.836" errors="0" timestamp="2021-12-24T15:26:57 IST" skipped="0">
  <testcase classname="nopCommerceTestCases.TestNGLoginTest" name="verifyTitle" time="0.016"/>
  <system-out/>
  <testcase classname="nopCommerceTestCases.TestNGLoginTest" name="loginApp" time="7.556"/>
  <system-out/>
  <testcase classname="nopCommerceTestCases.TestNGLoginTest" name="addCustomer" time="25.264"/>
  <system-out/>
</testsuite> <!-- nopCommerceTestCases.TestNGLoginTest -->
